0 info it worked if it ends with ok
1 verbose cli [ 'C:\\Program Files\\nodejs\\node.exe',
1 verbose cli   'C:\\Program Files\\nodejs\\node_modules\\npm\\bin\\npm-cli.js',
1 verbose cli   'run',
1 verbose cli   'e2e' ]
2 info using npm@3.10.10
3 info using node@v6.11.2
4 verbose run-script [ 'pree2e', 'e2e', 'poste2e' ]
5 info lifecycle myNightwatchProject@0.0.1~pree2e: myNightwatchProject@0.0.1
6 silly lifecycle myNightwatchProject@0.0.1~pree2e: no script for pree2e, continuing
7 info lifecycle myNightwatchProject@0.0.1~e2e: myNightwatchProject@0.0.1
8 verbose lifecycle myNightwatchProject@0.0.1~e2e: unsafe-perm in lifecycle true
9 verbose lifecycle myNightwatchProject@0.0.1~e2e: PATH: C:\Program Files\nodejs\node_modules\npm\bin\node-gyp-bin;C:\Users\Djoko. Haryono\nightWatchProject\myProject\node_modules\.bin;C:\Program Files\Docker\Docker\Resources\bin;C:\ProgramData\Oracle\Java\javapath;C:\Program Files (x86)\Intel\iCLS Client\;C:\Program Files\Intel\iCLS Client\;C:\WINDOWS\system32;C:\WINDOWS;C:\WINDOWS\System32\Wbem;C:\WINDOWS\System32\WindowsPowerShell\v1.0\;C:\Program Files (x86)\Intel\Intel(R) Management Engine Components\DAL;C:\Program Files\Intel\Intel(R) Management Engine Components\DAL;C:\Program Files (x86)\Intel\Intel(R) Management Engine Components\IPT;C:\Program Files\Intel\Intel(R) Management Engine Components\IPT;C:\Program Files\Intel\WiFi\bin\;C:\Program Files\Common Files\Intel\WirelessCommon\;C:\Program Files\nodejs\;C:\Program Files\Git\cmd;C:\Users\Djoko. Haryono\AppData\Local\Microsoft\WindowsApps;C:\selenium-java-3.4.0;C:\Users\Djoko. Haryono\AppData\Local\GitHubDesktop\bin;C:\Users\Djoko. Haryono\AppData\Roaming\npm;%USERPROFILE%\AppData\Local\Microsoft\WindowsApps;
10 verbose lifecycle myNightwatchProject@0.0.1~e2e: CWD: C:\Users\Djoko. Haryono\nightWatchProject\myProject
11 silly lifecycle myNightwatchProject@0.0.1~e2e: Args: [ '/d /s /c',
11 silly lifecycle   'nightwatch --config nightwatch.conf.BASIC.js -e default,edge,firefox' ]
12 silly lifecycle myNightwatchProject@0.0.1~e2e: Returned: code: 1  signal: null
13 info lifecycle myNightwatchProject@0.0.1~e2e: Failed to exec e2e script
14 verbose stack Error: myNightwatchProject@0.0.1 e2e: `nightwatch --config nightwatch.conf.BASIC.js -e default,edge,firefox`
14 verbose stack Exit status 1
14 verbose stack     at EventEmitter.<anonymous> (C:\Program Files\nodejs\node_modules\npm\lib\utils\lifecycle.js:255:16)
14 verbose stack     at emitTwo (events.js:106:13)
14 verbose stack     at EventEmitter.emit (events.js:191:7)
14 verbose stack     at ChildProcess.<anonymous> (C:\Program Files\nodejs\node_modules\npm\lib\utils\spawn.js:40:14)
14 verbose stack     at emitTwo (events.js:106:13)
14 verbose stack     at ChildProcess.emit (events.js:191:7)
14 verbose stack     at maybeClose (internal/child_process.js:891:16)
14 verbose stack     at Process.ChildProcess._handle.onexit (internal/child_process.js:226:5)
15 verbose pkgid myNightwatchProject@0.0.1
16 verbose cwd C:\Users\Djoko. Haryono\nightWatchProject\myProject
17 error Windows_NT 10.0.15063
18 error argv "C:\\Program Files\\nodejs\\node.exe" "C:\\Program Files\\nodejs\\node_modules\\npm\\bin\\npm-cli.js" "run" "e2e"
19 error node v6.11.2
20 error npm  v3.10.10
21 error code ELIFECYCLE
22 error myNightwatchProject@0.0.1 e2e: `nightwatch --config nightwatch.conf.BASIC.js -e default,edge,firefox`
22 error Exit status 1
23 error Failed at the myNightwatchProject@0.0.1 e2e script 'nightwatch --config nightwatch.conf.BASIC.js -e default,edge,firefox'.
23 error Make sure you have the latest version of node.js and npm installed.
23 error If you do, this is most likely a problem with the myNightwatchProject package,
23 error not with npm itself.
23 error Tell the author that this fails on your system:
23 error     nightwatch --config nightwatch.conf.BASIC.js -e default,edge,firefox
23 error You can get information on how to open an issue for this project with:
23 error     npm bugs myNightwatchProject
23 error Or if that isn't available, you can get their info via:
23 error     npm owner ls myNightwatchProject
23 error There is likely additional logging output above.
24 verbose exit [ 1, true ]
